2026-04-24 13:11:37,327 [INFO] ==================================================
2026-04-24 13:11:37,327 [INFO] ETL Pipeline basliyor...
2026-04-24 13:11:37,359 [INFO] dim_date yukleniyor...
2026-04-24 13:11:45,198 [ERROR] [HATA] dim_date: update or delete on table "dim_date" violates foreign key constraint "fact_payments_date_key_fkey" on table "fact_payments"
DETAIL:  Key (date_key)=(20211229) is still referenced from table "fact_payments".

2026-04-24 13:11:45,206 [INFO] dim_plan yukleniyor...
2026-04-24 13:11:45,217 [ERROR] [HATA] dim_plan: update or delete on table "dim_plan" violates foreign key constraint "fact_payments_plan_key_fkey" on table "fact_payments"
DETAIL:  Key (plan_key)=(6) is still referenced from table "fact_payments".

2026-04-24 13:11:45,222 [INFO] dim_member yukleniyor...
2026-04-24 13:11:45,410 [ERROR] [HATA] dim_member: update or delete on table "dim_member" violates foreign key constraint "fact_payments_member_key_fkey" on table "fact_payments"
DETAIL:  Key (member_key)=(13801) is still referenced from table "fact_payments".

2026-04-24 13:11:45,421 [INFO] fact_payments yukleniyor...
2026-04-24 13:12:03,813 [INFO] fact_payments: 335697 kayit yuklendi.
2026-04-24 13:12:03,936 [INFO] [OK] fact_payments: 335697 satir, 18.51 sn
2026-04-24 13:12:03,936 [INFO] fact_lottery yukleniyor...
2026-04-24 13:12:04,547 [INFO] fact_lottery: 13691 kayit yuklendi.
2026-04-24 13:12:04,551 [INFO] [OK] fact_lottery: 13691 satir, 0.61 sn
2026-04-24 13:12:04,552 [INFO] Pipeline tamamlandi. Toplam sure: 27.22 sn
2026-04-24 13:12:04,552 [INFO] ==================================================
2026-04-24 13:18:42,230 [INFO] ==================================================
2026-04-24 13:18:42,231 [INFO] ETL Pipeline basliyor...
2026-04-24 13:18:42,306 [INFO] Tüm tablolar temizlendi.
2026-04-24 13:18:42,306 [INFO] dim_date yukleniyor...
2026-04-24 13:18:42,399 [INFO] dim_date: 2922 gun yuklendi.
2026-04-24 13:18:42,407 [INFO] [OK] dim_date: 2922 satir, 0.09 sn
2026-04-24 13:18:42,407 [INFO] dim_plan yukleniyor...
2026-04-24 13:18:42,418 [INFO] dim_plan: 5 plan yuklendi.
2026-04-24 13:18:42,422 [INFO] [OK] dim_plan: 5 satir, 0.01 sn
2026-04-24 13:18:42,422 [INFO] dim_member yukleniyor...
2026-04-24 13:18:43,385 [INFO] dim_member: 13800 uye yuklendi.
2026-04-24 13:18:43,397 [INFO] [OK] dim_member: 13800 satir, 0.97 sn
2026-04-24 13:18:43,397 [INFO] fact_payments yukleniyor...
2026-04-24 13:18:59,552 [INFO] fact_payments: 335266 kayit yuklendi.
2026-04-24 13:18:59,671 [INFO] [OK] fact_payments: 335266 satir, 16.27 sn
2026-04-24 13:18:59,671 [INFO] fact_lottery yukleniyor...
2026-04-24 13:19:00,224 [INFO] fact_lottery: 13770 kayit yuklendi.
2026-04-24 13:19:00,229 [INFO] [OK] fact_lottery: 13770 satir, 0.55 sn
2026-04-24 13:19:00,229 [INFO] Pipeline tamamlandi. Toplam sure: 18.0 sn
2026-04-24 13:19:00,229 [INFO] ==================================================
2026-04-24 14:51:50,940 [INFO] ==================================================
2026-04-24 14:51:50,940 [INFO] ETL Pipeline basliyor...
2026-04-24 14:51:51,044 [INFO] Tüm tablolar temizlendi.
2026-04-24 14:51:51,045 [INFO] dim_date yukleniyor...
2026-04-24 14:51:51,197 [INFO] dim_date: 2922 gun yuklendi.
2026-04-24 14:51:51,208 [INFO] [OK] dim_date: 2922 satir, 0.15 sn
2026-04-24 14:51:51,208 [INFO] dim_plan yukleniyor...
2026-04-24 14:51:51,223 [INFO] dim_plan: 5 plan yuklendi.
2026-04-24 14:51:51,227 [INFO] [OK] dim_plan: 5 satir, 0.01 sn
2026-04-24 14:51:51,227 [INFO] dim_member yukleniyor...
2026-04-24 14:51:52,359 [INFO] dim_member: 13800 uye yuklendi.
2026-04-24 14:51:52,375 [INFO] [OK] dim_member: 13800 satir, 1.14 sn
2026-04-24 14:51:52,375 [INFO] fact_payments yukleniyor...
2026-04-24 14:52:10,096 [INFO] fact_payments: 335266 kayit yuklendi.
2026-04-24 14:52:10,230 [INFO] [OK] fact_payments: 335266 satir, 17.85 sn
2026-04-24 14:52:10,230 [INFO] fact_lottery yukleniyor...
2026-04-24 14:52:11,382 [INFO] fact_lottery: 13770 kayit yuklendi.
2026-04-24 14:52:11,415 [INFO] [OK] fact_lottery: 13770 satir, 1.18 sn
2026-04-24 14:52:11,416 [INFO] Pipeline tamamlandi. Toplam sure: 20.48 sn
2026-04-24 14:52:11,416 [INFO] ==================================================
2026-04-27 10:42:37,053 [INFO] ==================================================
2026-04-27 10:42:37,075 [INFO] ETL Pipeline basliyor...
2026-04-27 10:42:37,861 [INFO] Tüm tablolar temizlendi.
2026-04-27 10:42:37,862 [INFO] dim_date yukleniyor...
2026-04-27 10:42:38,574 [INFO] dim_date: 2922 gun yuklendi.
2026-04-27 10:42:38,658 [INFO] [OK] dim_date: 2922 satir, 0.72 sn
2026-04-27 10:42:38,661 [INFO] dim_plan yukleniyor...
2026-04-27 10:42:38,784 [INFO] dim_plan: 5 plan yuklendi.
2026-04-27 10:42:38,821 [INFO] [OK] dim_plan: 5 satir, 0.13 sn
2026-04-27 10:42:38,823 [INFO] dim_member SCD' yukleniyor...
2026-04-27 10:42:39,864 [INFO] Staging'den 13800 kayit alindi.
2026-04-27 10:44:29,817 [INFO] dim_member SCD2 tamamlandi: 0 eklendi, 0 guncellendi, 13800 atlandi.
2026-04-27 10:44:29,840 [INFO] [OK] dim_member: 13800 satir, 111.0 sn
2026-04-27 10:44:29,841 [INFO] fact_payments yukleniyor...
2026-04-27 10:44:57,576 [INFO] fact_payments: 335266 kayit yuklendi.
2026-04-27 10:44:57,712 [INFO] [OK] fact_payments: 335266 satir, 27.86 sn
2026-04-27 10:44:57,712 [INFO] fact_lottery yukleniyor...
2026-04-27 10:44:59,380 [INFO] fact_lottery: 13770 kayit yuklendi.
2026-04-27 10:44:59,426 [INFO] [OK] fact_lottery: 13770 satir, 1.71 sn
2026-04-27 10:44:59,427 [INFO] Pipeline tamamlandi. Toplam sure: 142.3 sn
2026-04-27 10:44:59,427 [INFO] ==================================================
2026-04-27 10:47:27,917 [INFO] ==================================================
2026-04-27 10:47:27,918 [INFO] ETL Pipeline basliyor...
2026-04-27 10:47:28,039 [INFO] Tüm tablolar temizlendi.
2026-04-27 10:47:28,040 [INFO] dim_date yukleniyor...
2026-04-27 10:47:28,527 [INFO] dim_date: 2922 gun yuklendi.
2026-04-27 10:47:28,570 [INFO] [OK] dim_date: 2922 satir, 0.49 sn
2026-04-27 10:47:28,577 [INFO] dim_plan yukleniyor...
2026-04-27 10:47:28,633 [INFO] dim_plan: 5 plan yuklendi.
2026-04-27 10:47:28,682 [INFO] [OK] dim_plan: 5 satir, 0.07 sn
2026-04-27 10:47:28,682 [INFO] dim_member SCD' yukleniyor...
2026-04-27 10:47:29,722 [INFO] Staging'den 13800 kayit alindi.
2026-04-27 10:47:51,857 [INFO] ==================================================
2026-04-27 10:47:51,858 [INFO] ETL Pipeline basliyor...
2026-04-27 10:47:51,948 [INFO] Tüm tablolar temizlendi.
2026-04-27 10:47:51,948 [INFO] dim_date yukleniyor...
2026-04-27 10:47:52,147 [INFO] dim_date: 2922 gun yuklendi.
2026-04-27 10:47:52,159 [INFO] [OK] dim_date: 2922 satir, 0.2 sn
2026-04-27 10:47:52,159 [INFO] dim_plan yukleniyor...
2026-04-27 10:47:52,175 [INFO] dim_plan: 5 plan yuklendi.
2026-04-27 10:47:52,183 [INFO] [OK] dim_plan: 5 satir, 0.02 sn
2026-04-27 10:47:52,183 [INFO] dim_member SCD' yukleniyor...
2026-04-27 10:47:52,777 [INFO] Staging'den 13800 kayit alindi.
2026-04-27 10:49:34,125 [INFO] dim_member SCD2 tamamlandi: 0 eklendi, 1 guncellendi, 13799 atlandi.
2026-04-27 10:49:34,136 [INFO] [OK] dim_member: 13800 satir, 101.95 sn
2026-04-27 10:49:34,136 [INFO] fact_payments yukleniyor...
2026-04-27 10:50:12,955 [INFO] fact_payments: 335266 kayit yuklendi.
2026-04-27 10:50:13,130 [INFO] [OK] fact_payments: 335266 satir, 38.99 sn
2026-04-27 10:50:13,130 [INFO] fact_lottery yukleniyor...
2026-04-27 10:50:15,183 [INFO] fact_lottery: 13770 kayit yuklendi.
2026-04-27 10:50:15,233 [INFO] [OK] fact_lottery: 13770 satir, 2.1 sn
2026-04-27 10:50:15,234 [INFO] Pipeline tamamlandi. Toplam sure: 143.38 sn
2026-04-27 10:50:15,234 [INFO] ==================================================
2026-04-27 11:01:57,306 [INFO] ==================================================
2026-04-27 11:01:57,308 [INFO] ETL Pipeline basliyor...
2026-04-27 11:01:57,522 [INFO] Tüm tablolar temizlendi.
2026-04-27 11:01:57,522 [INFO] dim_date yukleniyor...
2026-04-27 11:01:57,962 [INFO] dim_date: 2922 gun yuklendi.
2026-04-27 11:01:57,986 [INFO] [OK] dim_date: 2922 satir, 0.44 sn
2026-04-27 11:01:57,992 [INFO] dim_plan yukleniyor...
2026-04-27 11:01:58,035 [INFO] dim_plan: 5 plan yuklendi.
2026-04-27 11:01:58,052 [INFO] [OK] dim_plan: 5 satir, 0.04 sn
2026-04-27 11:01:58,054 [INFO] dim_member SCD' yukleniyor...
2026-04-27 11:01:58,974 [INFO] Staging'den 13800 kayit alindi.
2026-04-27 11:01:59,148 [INFO] dim_member'dan 13800 aktif kayit alindi.
2026-04-27 11:01:59,172 [INFO] dim_member SCD2 tamamlandi: 0 eklendi, 0 guncellendi, 13800 atlandi.
2026-04-27 11:01:59,301 [INFO] [OK] dim_member: 13800 satir, 1.15 sn
2026-04-27 11:01:59,316 [INFO] fact_payments yukleniyor...
2026-04-27 11:02:51,666 [INFO] fact_payments: 335266 kayit yuklendi.
2026-04-27 11:02:52,025 [INFO] [OK] fact_payments: 335266 satir, 52.7 sn
2026-04-27 11:02:52,026 [INFO] fact_lottery yukleniyor...
2026-04-27 11:02:56,656 [INFO] fact_lottery: 13770 kayit yuklendi.
2026-04-27 11:02:56,730 [INFO] [OK] fact_lottery: 13770 satir, 4.7 sn
2026-04-27 11:02:56,730 [INFO] Pipeline tamamlandi. Toplam sure: 59.42 sn
2026-04-27 11:02:56,731 [INFO] ==================================================
2026-04-27 11:05:00,316 [INFO] ==================================================
2026-04-27 11:05:00,318 [INFO] ETL Pipeline basliyor...
2026-04-27 11:05:00,527 [INFO] Tüm tablolar temizlendi.
2026-04-27 11:05:00,528 [INFO] dim_date yukleniyor...
2026-04-27 11:05:01,075 [INFO] dim_date: 2922 gun yuklendi.
2026-04-27 11:05:01,118 [INFO] [OK] dim_date: 2922 satir, 0.55 sn
2026-04-27 11:05:01,119 [INFO] dim_plan yukleniyor...
2026-04-27 11:05:01,176 [INFO] dim_plan: 5 plan yuklendi.
2026-04-27 11:05:01,228 [INFO] [OK] dim_plan: 5 satir, 0.06 sn
2026-04-27 11:05:01,229 [INFO] dim_member SCD' yukleniyor...
2026-04-27 11:05:01,691 [INFO] Staging'den 13800 kayit alindi.
2026-04-27 11:05:01,760 [INFO] dim_member'dan 13800 aktif kayit alindi.
2026-04-27 11:05:01,770 [INFO] dim_member SCD2 tamamlandi: 0 eklendi, 0 guncellendi, 13800 atlandi.
2026-04-27 11:05:01,796 [INFO] [OK] dim_member: 13800 satir, 0.56 sn
2026-04-27 11:05:01,797 [INFO] fact_payments yukleniyor...
2026-04-27 11:05:45,354 [INFO] fact_payments: 335266 kayit yuklendi.
2026-04-27 11:05:45,604 [INFO] [OK] fact_payments: 335266 satir, 43.8 sn
2026-04-27 11:05:45,604 [INFO] fact_lottery yukleniyor...
2026-04-27 11:05:48,257 [INFO] fact_lottery: 13770 kayit yuklendi.
2026-04-27 11:05:48,323 [INFO] [OK] fact_lottery: 13770 satir, 2.71 sn
2026-04-27 11:05:48,324 [INFO] Pipeline tamamlandi. Toplam sure: 48.0 sn
2026-04-27 11:05:48,325 [INFO] ==================================================
2026-04-27 11:06:04,366 [INFO] ==================================================
2026-04-27 11:06:04,379 [INFO] ETL Pipeline basliyor...
2026-04-27 11:06:04,787 [INFO] Tüm tablolar temizlendi.
2026-04-27 11:06:04,788 [INFO] dim_date yukleniyor...
2026-04-27 11:06:05,416 [INFO] dim_date: 2922 gun yuklendi.
2026-04-27 11:06:05,448 [INFO] [OK] dim_date: 2922 satir, 0.63 sn
2026-04-27 11:06:05,449 [INFO] dim_plan yukleniyor...
2026-04-27 11:06:05,527 [INFO] dim_plan: 5 plan yuklendi.
2026-04-27 11:06:05,578 [INFO] [OK] dim_plan: 5 satir, 0.08 sn
2026-04-27 11:06:05,580 [INFO] dim_member SCD' yukleniyor...
2026-04-27 11:06:06,340 [INFO] Staging'den 13800 kayit alindi.
2026-04-27 11:06:06,508 [INFO] dim_member'dan 13800 aktif kayit alindi.
2026-04-27 11:06:06,535 [INFO] dim_member SCD2 tamamlandi: 0 eklendi, 0 guncellendi, 13800 atlandi.
2026-04-27 11:06:06,596 [INFO] [OK] dim_member: 13800 satir, 0.99 sn
2026-04-27 11:06:06,597 [INFO] fact_payments yukleniyor...
2026-04-27 11:06:57,088 [INFO] fact_payments: 335266 kayit yuklendi.
2026-04-27 11:06:57,354 [INFO] [OK] fact_payments: 335266 satir, 50.75 sn
2026-04-27 11:06:57,355 [INFO] fact_lottery yukleniyor...
2026-04-27 11:07:00,297 [INFO] fact_lottery: 13770 kayit yuklendi.
2026-04-27 11:07:00,405 [INFO] [OK] fact_lottery: 13770 satir, 3.04 sn
2026-04-27 11:07:00,407 [INFO] Pipeline tamamlandi. Toplam sure: 56.0 sn
2026-04-27 11:07:00,408 [INFO] ==================================================
2026-04-27 14:15:30,365 [INFO] Scheduler basladi. Her gun 02:00 (Europe/Istanbul) calisacak.
2026-04-27 14:17:10,765 [INFO] Scheduler basladi. Her gun 14:18 (Europe/Istanbul) calisacak.
2026-04-27 14:18:00,020 [INFO] Zamanlanmis gorev tetiklendi.
2026-04-27 14:18:00,021 [INFO] ==================================================
2026-04-27 14:18:00,021 [INFO] ETL Pipeline basliyor...
2026-04-27 14:18:00,084 [INFO] Tüm tablolar temizlendi.
2026-04-27 14:18:00,084 [INFO] dim_date yukleniyor...
2026-04-27 14:18:00,187 [INFO] dim_date: 2922 gun yuklendi.
2026-04-27 14:18:00,191 [INFO] [OK] dim_date: 2922 satir, 0.1 sn
2026-04-27 14:18:00,191 [INFO] dim_plan yukleniyor...
2026-04-27 14:18:00,198 [INFO] dim_plan: 5 plan yuklendi.
2026-04-27 14:18:00,202 [INFO] [OK] dim_plan: 5 satir, 0.01 sn
2026-04-27 14:18:00,202 [INFO] dim_member SCD' yukleniyor...
2026-04-27 14:18:00,301 [INFO] Staging'den 13800 kayit alindi.
2026-04-27 14:18:00,319 [INFO] dim_member'dan 13800 aktif kayit alindi.
2026-04-27 14:18:00,324 [INFO] dim_member SCD2 tamamlandi: 0 eklendi, 0 guncellendi, 13800 atlandi.
2026-04-27 14:18:00,332 [INFO] [OK] dim_member: 13800 satir, 0.13 sn
2026-04-27 14:18:00,333 [INFO] fact_payments yukleniyor...
2026-04-27 14:18:17,219 [INFO] fact_payments: 335266 kayit yuklendi.
2026-04-27 14:18:17,353 [INFO] [OK] fact_payments: 335266 satir, 17.01 sn
2026-04-27 14:18:17,353 [INFO] fact_lottery yukleniyor...
2026-04-27 14:18:18,395 [INFO] fact_lottery: 13770 kayit yuklendi.
2026-04-27 14:18:18,430 [INFO] [OK] fact_lottery: 13770 satir, 1.07 sn
2026-04-27 14:18:18,431 [INFO] Pipeline tamamlandi. Toplam sure: 18.41 sn
2026-04-27 14:18:18,431 [INFO] ==================================================
2026-04-27 14:28:45,726 [INFO] ==================================================
2026-04-27 14:28:45,726 [INFO] ETL Pipeline basliyor...
2026-04-27 14:28:45,791 [INFO] Tüm tablolar temizlendi.
2026-04-27 14:28:45,791 [INFO] dim_date yukleniyor...
2026-04-27 14:28:45,931 [INFO] dim_date: 2922 gun yuklendi.
2026-04-27 14:28:45,937 [INFO] [OK] dim_date: 2922 satir, 0.14 sn
2026-04-27 14:28:45,938 [INFO] dim_plan yukleniyor...
2026-04-27 14:28:45,952 [INFO] dim_plan: 5 plan yuklendi.
2026-04-27 14:28:45,959 [INFO] [OK] dim_plan: 5 satir, 0.02 sn
2026-04-27 14:28:45,960 [INFO] dim_member SCD' yukleniyor...
2026-04-27 14:28:46,135 [INFO] Staging'den 13800 kayit alindi.
2026-04-27 14:28:46,152 [INFO] dim_member'dan 13800 aktif kayit alindi.
2026-04-27 14:28:47,510 [INFO] dim_member SCD2 tamamlandi: 1092 eklendi, 0 guncellendi, 12708 atlandi.
2026-04-27 14:28:47,524 [INFO] [OK] dim_member: 13800 satir, 1.56 sn
2026-04-27 14:28:47,524 [INFO] fact_payments yukleniyor...
2026-04-27 14:29:06,388 [INFO] fact_payments: 362915 kayit yuklendi.
2026-04-27 14:29:06,526 [INFO] [OK] fact_payments: 362915 satir, 19.0 sn
2026-04-27 14:29:06,527 [INFO] fact_lottery yukleniyor...
2026-04-27 14:29:07,611 [INFO] fact_lottery: 14829 kayit yuklendi.
2026-04-27 14:29:07,646 [INFO] [OK] fact_lottery: 14829 satir, 1.11 sn
2026-04-27 14:29:07,647 [INFO] Pipeline tamamlandi. Toplam sure: 21.92 sn
2026-04-27 14:29:07,647 [INFO] ==================================================
2026-04-27 16:42:33,891 [INFO] ==================================================
2026-04-27 16:42:33,891 [INFO] ETL Pipeline basliyor...
2026-04-27 16:42:33,937 [INFO] Tüm tablolar temizlendi.
2026-04-27 16:42:33,937 [INFO] dim_date yukleniyor...
2026-04-27 16:42:34,030 [INFO] dim_date: 2922 gun yuklendi.
2026-04-27 16:42:34,035 [INFO] [OK] dim_date: 2922 satir, 0.09 sn
2026-04-27 16:42:34,036 [INFO] dim_plan yukleniyor...
2026-04-27 16:42:34,046 [INFO] dim_plan: 5 plan yuklendi.
2026-04-27 16:42:34,051 [INFO] [OK] dim_plan: 5 satir, 0.01 sn
2026-04-27 16:42:34,051 [INFO] dim_member SCD' yukleniyor...
2026-04-27 16:42:34,145 [INFO] Staging'den 13800 kayit alindi.
2026-04-27 16:42:34,187 [INFO] dim_member'dan 14892 aktif kayit alindi.
2026-04-27 16:42:34,301 [INFO] dim_member SCD2 tamamlandi: 99 eklendi, 1 guncellendi, 13700 atlandi.
2026-04-27 16:42:34,308 [INFO] [OK] dim_member: 13800 satir, 0.25 sn
2026-04-27 16:42:34,308 [INFO] fact_payments yukleniyor...
2026-04-27 16:42:59,624 [INFO] fact_payments: 367574 kayit yuklendi.
2026-04-27 16:42:59,806 [INFO] [OK] fact_payments: 367574 satir, 25.49 sn
2026-04-27 16:42:59,806 [INFO] fact_lottery yukleniyor...
2026-04-27 16:43:02,908 [INFO] fact_lottery: 14954 kayit yuklendi.
2026-04-27 16:43:02,989 [INFO] [OK] fact_lottery: 14954 satir, 3.17 sn
2026-04-27 16:43:02,990 [INFO] Pipeline tamamlandi. Toplam sure: 29.1 sn
2026-04-27 16:43:02,991 [INFO] ==================================================
